.arkui-x/android/app/build/intermediates/manifest_merge_blame_file/release/manifest-merger-blame-release-report.txt
1<?xml version="1.0" encoding="utf-8"?>
2<manifest xmlns:android="http://schemas.android.com/apk/res/android"
3    package="com.example.wutsport"
4    android:versionCode="1"
5    android:versionName="1.0" >
6
7    <uses-sdk
8        android:minSdkVersion="26"
8-->src\main\AndroidManifest.xml
9        android:targetSdkVersion="33" />
9-->src\main\AndroidManifest.xml
10
11    <uses-permission android:name="android.permission.INTERNET" />
11-->src\main\AndroidManifest.xml:5:1-62
11-->src\main\AndroidManifest.xml:5:18-60
12
13    <application
13-->src\main\AndroidManifest.xml:6:5-23:19
14        android:name="com.example.wutsport.MyApplication"
14-->src\main\AndroidManifest.xml:7:9-38
15        android:allowBackup="true"
15-->src\main\AndroidManifest.xml:8:9-35
16        android:icon="@drawable/arkuix"
16-->src\main\AndroidManifest.xml:9:9-40
17        android:label="@string/app_name"
17-->src\main\AndroidManifest.xml:10:9-41
18        android:supportsRtl="true"
18-->src\main\AndroidManifest.xml:11:9-35
19        android:theme="@android:style/Theme.Light.NoTitleBar" >
19-->src\main\AndroidManifest.xml:12:9-62
20        <activity
20-->src\main\AndroidManifest.xml:13:2-22:20
21            android:name="com.example.wutsport.EntryEntryAbilityActivity"
21-->src\main\AndroidManifest.xml:13:36-77
22            android:configChanges="orientation|keyboard|layoutDirection|screenSize|screenLayout|uiMode|smallestScreenSize|density"
22-->src\main\AndroidManifest.xml:15:3-121
23            android:exported="true"
23-->src\main\AndroidManifest.xml:13:12-35
24            android:windowSoftInputMode="adjustNothing |stateHidden" >
24-->src\main\AndroidManifest.xml:14:3-59
25            <intent-filter>
25-->src\main\AndroidManifest.xml:17:13-21:29
26                <action android:name="android.intent.action.MAIN" />
26-->src\main\AndroidManifest.xml:18:17-69
26-->src\main\AndroidManifest.xml:18:25-66
27
28                <category android:name="android.intent.category.LAUNCHER" />
28-->src\main\AndroidManifest.xml:20:17-77
28-->src\main\AndroidManifest.xml:20:27-74
29            </intent-filter>
30        </activity>
31    </application>
32
33</manifest>